
*** Running vivado
    with args -log seg7decimal.vds -m64 -product Vivado -mode batch -messageDb vivado.pb -notrace -source seg7decimal.tcl


****** Vivado v2018.2 (64-bit)
  **** SW Build 2258646 on Thu Jun 14 20:02:38 MDT 2018
  **** IP Build 2256618 on Thu Jun 14 22:10:49 MDT 2018
    ** Copyright 1986-2018 Xilinx, Inc. All Rights Reserved.

source seg7decimal.tcl -notrace
Command: synth_design -top seg7decimal -part xc7a35tcpg236-1
Starting synth_design
Attempting to get a license for feature 'Synthesis' and/or device 'xc7a35t'
INFO: [Common 17-349] Got license for feature 'Synthesis' and/or device 'xc7a35t'
INFO: Launching helper process for spawning children vivado processes
INFO: Helper process launched with PID 28401 
---------------------------------------------------------------------------------
Starting RTL Elaboration : Time (s): cpu = 00:00:01 ; elapsed = 00:00:02 . Memory (MB): peak = 1259.316 ; gain = 79.863 ; free physical = 1709 ; free virtual = 20435
---------------------------------------------------------------------------------
INFO: [Synth 8-6157] synthesizing module 'seg7decimal' [/home/2017csb1113/Desktop/lab4_2017csb1113/dancing7seg/dancing7seg.srcs/sources_1/new/7seg.v:1]
	Parameter state1 bound to: 7'b0111111 
	Parameter state2 bound to: 7'b0011101 
	Parameter state3 bound to: 7'b0011110 
	Parameter state4 bound to: 7'b1011100 
	Parameter state5 bound to: 7'b0111100 
WARNING: [Synth 8-6014] Unused sequential element c_reg was removed.  [/home/2017csb1113/Desktop/lab4_2017csb1113/dancing7seg/dancing7seg.srcs/sources_1/new/7seg.v:78]
WARNING: [Synth 8-6014] Unused sequential element clkdiv_reg was removed.  [/home/2017csb1113/Desktop/lab4_2017csb1113/dancing7seg/dancing7seg.srcs/sources_1/new/7seg.v:19]
INFO: [Synth 8-6155] done synthesizing module 'seg7decimal' (1#1) [/home/2017csb1113/Desktop/lab4_2017csb1113/dancing7seg/dancing7seg.srcs/sources_1/new/7seg.v:1]
WARNING: [Synth 8-3917] design seg7decimal has port an[3] driven by constant 1
WARNING: [Synth 8-3917] design seg7decimal has port an[2] driven by constant 1
WARNING: [Synth 8-3917] design seg7decimal has port an[1] driven by constant 1
WARNING: [Synth 8-3917] design seg7decimal has port an[0] driven by constant 0
WARNING: [Synth 8-3917] design seg7decimal has port dp driven by constant 1
WARNING: [Synth 8-3331] design seg7decimal has unconnected port clr
---------------------------------------------------------------------------------
Finished RTL Elaboration : Time (s): cpu = 00:00:02 ; elapsed = 00:00:02 . Memory (MB): peak = 1303.941 ; gain = 124.488 ; free physical = 1721 ; free virtual = 20447
---------------------------------------------------------------------------------

Report Check Netlist: 
+------+------------------+-------+---------+-------+------------------+
|      |Item              |Errors |Warnings |Status |Description       |
+------+------------------+-------+---------+-------+------------------+
|1     |multi_driven_nets |      0|        0|Passed |Multi driven nets |
+------+------------------+-------+---------+-------+------------------+
---------------------------------------------------------------------------------
Start Handling Custom Attributes
---------------------------------------------------------------------------------
---------------------------------------------------------------------------------
Finished Handling Custom Attributes : Time (s): cpu = 00:00:02 ; elapsed = 00:00:02 . Memory (MB): peak = 1303.941 ; gain = 124.488 ; free physical = 1721 ; free virtual = 20446
---------------------------------------------------------------------------------
---------------------------------------------------------------------------------
Finished RTL Optimization Phase 1 : Time (s): cpu = 00:00:02 ; elapsed = 00:00:02 . Memory (MB): peak = 1303.941 ; gain = 124.488 ; free physical = 1721 ; free virtual = 20446
---------------------------------------------------------------------------------
INFO: [Device 21-403] Loading part xc7a35tcpg236-1
INFO: [Project 1-570] Preparing netlist for logic optimization

Processing XDC Constraints
Initializing timing engine
Parsing XDC File [/home/2017csb1113/Desktop/lab4_2017csb1113/constraint.xdc]
Finished Parsing XDC File [/home/2017csb1113/Desktop/lab4_2017csb1113/constraint.xdc]
INFO: [Project 1-236] Implementation specific constraints were found while reading constraint file [/home/2017csb1113/Desktop/lab4_2017csb1113/constraint.xdc]. These constraints will be ignored for synthesis but will be used in implementation. Impacted constraints are listed in the file [.Xil/seg7decimal_propImpl.xdc].
Resolution: To avoid this warning, move constraints listed in [.Xil/seg7decimal_propImpl.xdc] to another XDC file and exclude this new file from synthesis with the used_in_synthesis property (File Properties dialog in GUI) and re-run elaboration/synthesis.
Completed Processing XDC Constraints

INFO: [Project 1-111] Unisim Transformation Summary:
No Unisim elements were transformed.

Constraint Validation Runtime : Time (s): cpu = 00:00:00 ; elapsed = 00:00:00 . Memory (MB): peak = 1647.293 ; gain = 0.000 ; free physical = 1473 ; free virtual = 20199
---------------------------------------------------------------------------------
Finished Constraint Validation : Time (s): cpu = 00:00:08 ; elapsed = 00:00:16 . Memory (MB): peak = 1647.293 ; gain = 467.840 ; free physical = 1550 ; free virtual = 20276
---------------------------------------------------------------------------------
---------------------------------------------------------------------------------
Start Loading Part and Timing Information
---------------------------------------------------------------------------------
Loading part: xc7a35tcpg236-1
---------------------------------------------------------------------------------
Finished Loading Part and Timing Information : Time (s): cpu = 00:00:08 ; elapsed = 00:00:16 . Memory (MB): peak = 1647.293 ; gain = 467.840 ; free physical = 1550 ; free virtual = 20276
---------------------------------------------------------------------------------
---------------------------------------------------------------------------------
Start Applying 'set_property' XDC Constraints
---------------------------------------------------------------------------------
---------------------------------------------------------------------------------
Finished applying 'set_property' XDC Constraints : Time (s): cpu = 00:00:08 ; elapsed = 00:00:16 . Memory (MB): peak = 1647.293 ; gain = 467.840 ; free physical = 1552 ; free virtual = 20277
---------------------------------------------------------------------------------
INFO: [Synth 8-5545] ROM "current_state" won't be mapped to RAM because address size (27) is larger than maximum supported(25)
---------------------------------------------------------------------------------
Finished RTL Optimization Phase 2 : Time (s): cpu = 00:00:08 ; elapsed = 00:00:17 . Memory (MB): peak = 1647.293 ; gain = 467.840 ; free physical = 1542 ; free virtual = 20267
---------------------------------------------------------------------------------

Report RTL Partitions: 
+-+--------------+------------+----------+
| |RTL Partition |Replication |Instances |
+-+--------------+------------+----------+
+-+--------------+------------+----------+
---------------------------------------------------------------------------------
Start RTL Component Statistics 
---------------------------------------------------------------------------------
Detailed RTL Component Info : 
+---Adders : 
	   2 Input     27 Bit       Adders := 1     
	   2 Input      3 Bit       Adders := 1     
+---Registers : 
	               27 Bit    Registers := 1     
	                7 Bit    Registers := 3     
	                3 Bit    Registers := 1     
	                1 Bit    Registers := 2     
+---Muxes : 
	   2 Input     27 Bit        Muxes := 3     
	   2 Input      7 Bit        Muxes := 1     
	   3 Input      7 Bit        Muxes := 1     
	   6 Input      7 Bit        Muxes := 1     
	   3 Input      6 Bit        Muxes := 3     
	   2 Input      6 Bit        Muxes := 1     
	   2 Input      3 Bit        Muxes := 2     
	   2 Input      1 Bit        Muxes := 5     
---------------------------------------------------------------------------------
Finished RTL Component Statistics 
---------------------------------------------------------------------------------
---------------------------------------------------------------------------------
Start RTL Hierarchical Component Statistics 
---------------------------------------------------------------------------------
Hierarchical RTL Component report 
Module seg7decimal 
Detailed RTL Component Info : 
+---Adders : 
	   2 Input     27 Bit       Adders := 1     
	   2 Input      3 Bit       Adders := 1     
+---Registers : 
	               27 Bit    Registers := 1     
	                7 Bit    Registers := 3     
	                3 Bit    Registers := 1     
	                1 Bit    Registers := 2     
+---Muxes : 
	   2 Input     27 Bit        Muxes := 3     
	   2 Input      7 Bit        Muxes := 1     
	   3 Input      7 Bit        Muxes := 1     
	   6 Input      7 Bit        Muxes := 1     
	   3 Input      6 Bit        Muxes := 3     
	   2 Input      6 Bit        Muxes := 1     
	   2 Input      3 Bit        Muxes := 2     
	   2 Input      1 Bit        Muxes := 5     
---------------------------------------------------------------------------------
Finished RTL Hierarchical Component Statistics
---------------------------------------------------------------------------------
---------------------------------------------------------------------------------
Start Part Resource Summary
---------------------------------------------------------------------------------
Part Resources:
DSPs: 90 (col length:60)
BRAMs: 100 (col length: RAMB18 60 RAMB36 30)
---------------------------------------------------------------------------------
Finished Part Resource Summary
---------------------------------------------------------------------------------
---------------------------------------------------------------------------------
Start Cross Boundary and Area Optimization
---------------------------------------------------------------------------------
Warning: Parallel synthesis criteria is not met 
INFO: [Synth 8-5545] ROM "p_0_out" won't be mapped to RAM because address size (27) is larger than maximum supported(25)
INFO: [Synth 8-5545] ROM "current_state" won't be mapped to RAM because address size (27) is larger than maximum supported(25)
WARNING: [Synth 8-3917] design seg7decimal has port an[3] driven by constant 1
WARNING: [Synth 8-3917] design seg7decimal has port an[2] driven by constant 1
WARNING: [Synth 8-3917] design seg7decimal has port an[1] driven by constant 1
WARNING: [Synth 8-3917] design seg7decimal has port an[0] driven by constant 0
WARNING: [Synth 8-3917] design seg7decimal has port dp driven by constant 1
WARNING: [Synth 8-3331] design seg7decimal has unconnected port clr
INFO: [Synth 8-3886] merging instance 'next_state_reg[2]' (FD) to 'next_state_reg[3]'
INFO: [Synth 8-3886] merging instance 'next_state_reg[3]' (FD) to 'next_state_reg[4]'
INFO: [Synth 8-3333] propagating constant 1 across sequential element (\next_state_reg[4] )
INFO: [Synth 8-3886] merging instance 'current_state_reg[2]' (FDSE) to 'current_state_reg[3]'
INFO: [Synth 8-3886] merging instance 'current_state_reg[3]' (FDSE) to 'current_state_reg[4]'
INFO: [Synth 8-3886] merging instance 'seg_reg[2]' (FD) to 'seg_reg[3]'
INFO: [Synth 8-3886] merging instance 'seg_reg[3]' (FD) to 'seg_reg[4]'
INFO: [Synth 8-3333] propagating constant 1 across sequential element (\seg_reg[4] )
WARNING: [Synth 8-3332] Sequential element (next_state_reg[4]) is unused and will be removed from module seg7decimal.
WARNING: [Synth 8-3332] Sequential element (current_state_reg[4]) is unused and will be removed from module seg7decimal.
WARNING: [Synth 8-3332] Sequential element (seg_reg[4]) is unused and will be removed from module seg7decimal.
---------------------------------------------------------------------------------
Finished Cross Boundary and Area Optimization : Time (s): cpu = 00:00:09 ; elapsed = 00:00:17 . Memory (MB): peak = 1647.293 ; gain = 467.840 ; free physical = 1529 ; free virtual = 20256
---------------------------------------------------------------------------------

Report RTL Partitions: 
+-+--------------+------------+----------+
| |RTL Partition |Replication |Instances |
+-+--------------+------------+----------+
+-+--------------+------------+----------+
---------------------------------------------------------------------------------
Start Applying XDC Timing Constraints
---------------------------------------------------------------------------------
---------------------------------------------------------------------------------
Finished Applying XDC Timing Constraints : Time (s): cpu = 00:00:13 ; elapsed = 00:00:23 . Memory (MB): peak = 1647.293 ; gain = 467.840 ; free physical = 1404 ; free virtual = 20132
---------------------------------------------------------------------------------
---------------------------------------------------------------------------------
Start Timing Optimization
---------------------------------------------------------------------------------
---------------------------------------------------------------------------------
Finished Timing Optimization : Time (s): cpu = 00:00:13 ; elapsed = 00:00:24 . Memory (MB): peak = 1647.293 ; gain = 467.840 ; free physical = 1401 ; free virtual = 20128
---------------------------------------------------------------------------------

Report RTL Partitions: 
+-+--------------+------------+----------+
| |RTL Partition |Replication |Instances |
+-+--------------+------------+----------+
+-+--------------+------------+----------+
---------------------------------------------------------------------------------
Start Technology Mapping
---------------------------------------------------------------------------------
---------------------------------------------------------------------------------
Finished Technology Mapping : Time (s): cpu = 00:00:13 ; elapsed = 00:00:24 . Memory (MB): peak = 1647.293 ; gain = 467.840 ; free physical = 1401 ; free virtual = 20128
---------------------------------------------------------------------------------

Report RTL Partitions: 
+-+--------------+------------+----------+
| |RTL Partition |Replication |Instances |
+-+--------------+------------+----------+
+-+--------------+------------+----------+
---------------------------------------------------------------------------------
Start IO Insertion
---------------------------------------------------------------------------------
---------------------------------------------------------------------------------
Start Flattening Before IO Insertion
---------------------------------------------------------------------------------
---------------------------------------------------------------------------------
Finished Flattening Before IO Insertion
---------------------------------------------------------------------------------
---------------------------------------------------------------------------------
Start Final Netlist Cleanup
---------------------------------------------------------------------------------
---------------------------------------------------------------------------------
Finished Final Netlist Cleanup
---------------------------------------------------------------------------------
---------------------------------------------------------------------------------
Finished IO Insertion : Time (s): cpu = 00:00:14 ; elapsed = 00:00:24 . Memory (MB): peak = 1647.293 ; gain = 467.840 ; free physical = 1402 ; free virtual = 20129
---------------------------------------------------------------------------------

Report Check Netlist: 
+------+------------------+-------+---------+-------+------------------+
|      |Item              |Errors |Warnings |Status |Description       |
+------+------------------+-------+---------+-------+------------------+
|1     |multi_driven_nets |      0|        0|Passed |Multi driven nets |
+------+------------------+-------+---------+-------+------------------+
---------------------------------------------------------------------------------
Start Renaming Generated Instances
---------------------------------------------------------------------------------
---------------------------------------------------------------------------------
Finished Renaming Generated Instances : Time (s): cpu = 00:00:14 ; elapsed = 00:00:24 . Memory (MB): peak = 1647.293 ; gain = 467.840 ; free physical = 1402 ; free virtual = 20129
---------------------------------------------------------------------------------

Report RTL Partitions: 
+-+--------------+------------+----------+
| |RTL Partition |Replication |Instances |
+-+--------------+------------+----------+
+-+--------------+------------+----------+
---------------------------------------------------------------------------------
Start Rebuilding User Hierarchy
---------------------------------------------------------------------------------
---------------------------------------------------------------------------------
Finished Rebuilding User Hierarchy : Time (s): cpu = 00:00:14 ; elapsed = 00:00:24 . Memory (MB): peak = 1647.293 ; gain = 467.840 ; free physical = 1402 ; free virtual = 20129
---------------------------------------------------------------------------------
---------------------------------------------------------------------------------
Start Renaming Generated Ports
---------------------------------------------------------------------------------
---------------------------------------------------------------------------------
Finished Renaming Generated Ports : Time (s): cpu = 00:00:14 ; elapsed = 00:00:24 . Memory (MB): peak = 1647.293 ; gain = 467.840 ; free physical = 1402 ; free virtual = 20129
---------------------------------------------------------------------------------
---------------------------------------------------------------------------------
Start Handling Custom Attributes
---------------------------------------------------------------------------------
---------------------------------------------------------------------------------
Finished Handling Custom Attributes : Time (s): cpu = 00:00:14 ; elapsed = 00:00:24 . Memory (MB): peak = 1647.293 ; gain = 467.840 ; free physical = 1402 ; free virtual = 20129
---------------------------------------------------------------------------------
---------------------------------------------------------------------------------
Start Renaming Generated Nets
---------------------------------------------------------------------------------
---------------------------------------------------------------------------------
Finished Renaming Generated Nets : Time (s): cpu = 00:00:14 ; elapsed = 00:00:24 . Memory (MB): peak = 1647.293 ; gain = 467.840 ; free physical = 1402 ; free virtual = 20129
---------------------------------------------------------------------------------
---------------------------------------------------------------------------------
Start Writing Synthesis Report
---------------------------------------------------------------------------------

Report BlackBoxes: 
+-+--------------+----------+
| |BlackBox name |Instances |
+-+--------------+----------+
+-+--------------+----------+

Report Cell Usage: 
+------+-------+------+
|      |Cell   |Count |
+------+-------+------+
|1     |BUFG   |     1|
|2     |CARRY4 |     7|
|3     |LUT2   |     3|
|4     |LUT3   |     4|
|5     |LUT4   |    32|
|6     |LUT5   |     1|
|7     |LUT6   |    16|
|8     |FDRE   |    41|
|9     |FDSE   |     3|
|10    |IBUF   |     4|
|11    |OBUF   |    12|
+------+-------+------+

Report Instance Areas: 
+------+---------+-------+------+
|      |Instance |Module |Cells |
+------+---------+-------+------+
|1     |top      |       |   124|
+------+---------+-------+------+
---------------------------------------------------------------------------------
Finished Writing Synthesis Report : Time (s): cpu = 00:00:14 ; elapsed = 00:00:24 . Memory (MB): peak = 1647.293 ; gain = 467.840 ; free physical = 1402 ; free virtual = 20129
---------------------------------------------------------------------------------
Synthesis finished with 0 errors, 0 critical warnings and 9 warnings.
Synthesis Optimization Runtime : Time (s): cpu = 00:00:09 ; elapsed = 00:00:12 . Memory (MB): peak = 1647.293 ; gain = 124.488 ; free physical = 1455 ; free virtual = 20183
Synthesis Optimization Complete : Time (s): cpu = 00:00:14 ; elapsed = 00:00:24 . Memory (MB): peak = 1647.293 ; gain = 467.840 ; free physical = 1455 ; free virtual = 20183
INFO: [Project 1-571] Translating synthesized netlist
INFO: [Netlist 29-17] Analyzing 11 Unisim elements for replacement
INFO: [Netlist 29-28] Unisim Transformation completed in 0 CPU seconds
INFO: [Project 1-570] Preparing netlist for logic optimization
INFO: [Opt 31-138] Pushed 0 inverter(s) to 0 load pin(s).
INFO: [Project 1-111] Unisim Transformation Summary:
No Unisim elements were transformed.

INFO: [Common 17-83] Releasing license: Synthesis
25 Infos, 17 Warnings, 0 Critical Warnings and 0 Errors encountered.
synth_design completed successfully
synth_design: Time (s): cpu = 00:00:15 ; elapsed = 00:00:25 . Memory (MB): peak = 1655.301 ; gain = 475.984 ; free physical = 1453 ; free virtual = 20180
WARNING: [Constraints 18-5210] No constraint will be written out.
INFO: [Common 17-1381] The checkpoint '/home/2017csb1113/Desktop/lab4_2017csb1113/dancing7seg/dancing7seg.runs/synth_1/seg7decimal.dcp' has been generated.
INFO: [runtcl-4] Executing : report_utilization -file seg7decimal_utilization_synth.rpt -pb seg7decimal_utilization_synth.pb
report_utilization: Time (s): cpu = 00:00:00.06 ; elapsed = 00:00:00.07 . Memory (MB): peak = 1679.312 ; gain = 0.000 ; free physical = 1453 ; free virtual = 20181
INFO: [Common 17-206] Exiting Vivado at Sun Oct 28 19:56:55 2018...
